<?xml version="1.0" encoding="UTF-8"?>
<!-- Generated by org.testng.reporters.JUnitReportReporter -->
<testsuite hostname="DESKTOP-GI358GT" failures="0" tests="1" name="org.CreatOrgWithType" time="0.011" errors="0" timestamp="2025-03-26T14:20:42 IST" skipped="0">
  <testcase classname="org.CreatOrgWithType" name="createOrgType" time="0.011"/>
  <system-out/>
</testsuite> <!-- org.CreatOrgWithType -->
