<?xml version="1.0" encoding="UTF-8"?>
<!-- Generated by org.testng.reporters.JUnitReportReporter -->
<testsuite hostname="DESKTOP-GI358GT" failures="0" tests="1" name="org.CreateOrg" time="0.020" errors="0" timestamp="2025-03-27T09:24:24 IST" skipped="0">
  <testcase classname="org.CreateOrg" name="createOrg" time="0.020"/>
  <system-out/>
</testsuite> <!-- org.CreateOrg -->
