<?xml version="1.0" encoding="UTF-8"?>
<!-- Generated by org.testng.reporters.JUnitReportReporter -->
<testsuite hostname="DESKTOP-GI358GT" failures="0" tests="1" name="contact.createContact" time="0.011" errors="0" timestamp="2025-03-26T13:33:04 IST" skipped="0">
  <testcase classname="contact.createContact" name="createcon" time="0.011"/>
  <system-out/>
</testsuite> <!-- contact.createContact -->
